{"/Users/edutek/edutekProjects/calculator/src/components/Counter.js": {"path":"/Users/edutek/edutekProjects/calculator/src/components/Counter.js","statementMap":{"0":{"start":{"line":4,"column":16},"end":{"line":13,"column":1}},"1":{"start":{"line":5,"column":34},"end":{"line":5,"column":45}},"2":{"start":{"line":6,"column":4},"end":{"line":12,"column":11}},"3":{"start":{"line":10,"column":27},"end":{"line":10,"column":50}}},"fnMap":{"0":{"name":"(anonymous_0)","decl":{"start":{"line":4,"column":16},"end":{"line":4,"column":17}},"loc":{"start":{"line":4,"column":22},"end":{"line":13,"column":1}},"line":4},"1":{"name":"(anonymous_1)","decl":{"start":{"line":10,"column":21},"end":{"line":10,"column":22}},"loc":{"start":{"line":10,"column":27},"end":{"line":10,"column":50}},"line":10}},"branchMap":{},"s":{"0":1,"1":4,"2":4,"3":2},"f":{"0":4,"1":2},"b":{},"_coverageSchema":"1a1c01bbd47fc00a2c39e90264f33305004495a9","hash":"794124efc48140e3f0ba663cf5d5bd5209a80fb3"}
,"/Users/edutek/edutekProjects/calculator/src/components/MyButton.js": {"path":"/Users/edutek/edutekProjects/calculator/src/components/MyButton.js","statementMap":{"0":{"start":{"line":3,"column":17},"end":{"line":3,"column":73}},"1":{"start":{"line":3,"column":28},"end":{"line":3,"column":73}}},"fnMap":{"0":{"name":"(anonymous_0)","decl":{"start":{"line":3,"column":17},"end":{"line":3,"column":18}},"loc":{"start":{"line":3,"column":28},"end":{"line":3,"column":73}},"line":3}},"branchMap":{},"s":{"0":1,"1":1},"f":{"0":1},"b":{},"_coverageSchema":"1a1c01bbd47fc00a2c39e90264f33305004495a9","hash":"043d5c02253a65a427c9bacd2416324f833bcc49"}
}
